g:\jx002\jx002\x64\release\qcustomplot.obj
g:\jx002\jx002\x64\release\main.obj
g:\jx002\jx002\x64\release\syncfifo.obj
g:\jx002\jx002\x64\release\jx002.obj
g:\jx002\jx002\x64\release\vc140.pdb
g:\jx002\jx002\x64\release\moc_qcustomplot.obj
g:\jx002\jx002\x64\release\qrc_jx002.obj
g:\jx002\jx002\x64\release\moc_jx002.obj
g:\jx002\jx002\x64\release\moc_syncfifo.obj
g:\jx002\jx002\x64\release\uic\ui_jx002.h
g:\jx002\jx002\x64\release\rcc\qrc_jx002.cpp
g:\jx002\jx002\x64\release\moc\moc_jx002.cpp
g:\jx002\jx002\x64\release\moc\moc_syncfifo.cpp
g:\jx002\jx002\x64\release\moc\moc_qcustomplot.cpp
g:\jx002\jx002\x64\release\jx002.ilk
g:\jx002\jx002\x64\release\jx002.exe
g:\jx002\jx002\x64\release\jx002.pdb
g:\jx002\jx002\x64\release\jx002.res
g:\jx002\jx002\x64\release\jx002.tlog\cl.command.1.tlog
g:\jx002\jx002\x64\release\jx002.tlog\cl.read.1.tlog
g:\jx002\jx002\x64\release\jx002.tlog\cl.write.1.tlog
g:\jx002\jx002\x64\release\jx002.tlog\jx002.write.1u.tlog
g:\jx002\jx002\x64\release\jx002.tlog\link.command.1.tlog
g:\jx002\jx002\x64\release\jx002.tlog\link.read.1.tlog
g:\jx002\jx002\x64\release\jx002.tlog\link.write.1.tlog
g:\jx002\jx002\x64\release\jx002.tlog\moc.read.1u.tlog
g:\jx002\jx002\x64\release\jx002.tlog\moc.write.1u.tlog
g:\jx002\jx002\x64\release\jx002.tlog\rc.command.1.tlog
g:\jx002\jx002\x64\release\jx002.tlog\rc.read.1.tlog
g:\jx002\jx002\x64\release\jx002.tlog\rc.write.1.tlog
g:\jx002\jx002\x64\release\jx002.tlog\rcc.read.1u.tlog
g:\jx002\jx002\x64\release\jx002.tlog\rcc.write.1u.tlog
g:\jx002\jx002\x64\release\jx002.tlog\uic.read.1u.tlog
g:\jx002\jx002\x64\release\jx002.tlog\uic.write.1u.tlog
