g:\code\jx002\x64\debug\getusbdate.obj
g:\code\jx002\x64\debug\main.obj
g:\code\jx002\x64\debug\jx002.obj
g:\code\jx002\x64\debug\vc140.pdb
g:\code\jx002\x64\debug\qrc_jx002.obj
g:\code\jx002\x64\debug\moc_getusbdate.obj
g:\code\jx002\x64\debug\moc_jx002.obj
g:\code\jx002\x64\debug\uic\ui_jx002.h
g:\code\jx002\x64\debug\rcc\qrc_jx002.cpp
g:\code\jx002\x64\debug\moc\moc_jx002.cpp
g:\code\jx002\x64\debug\moc\moc_getusbdate.cpp
g:\code\jx002\x64\debug\jx002.ilk
g:\code\jx002\x64\debug\jx002.exe
g:\code\jx002\x64\debug\jx002.pdb
g:\code\jx002\x64\debug\jx002.res
g:\code\jx002\x64\debug\jx002.tlog\cl.command.1.tlog
g:\code\jx002\x64\debug\jx002.tlog\cl.read.1.tlog
g:\code\jx002\x64\debug\jx002.tlog\cl.write.1.tlog
g:\code\jx002\x64\debug\jx002.tlog\jx002.write.1u.tlog
g:\code\jx002\x64\debug\jx002.tlog\link.command.1.tlog
g:\code\jx002\x64\debug\jx002.tlog\link.read.1.tlog
g:\code\jx002\x64\debug\jx002.tlog\link.write.1.tlog
g:\code\jx002\x64\debug\jx002.tlog\moc.read.1u.tlog
g:\code\jx002\x64\debug\jx002.tlog\moc.write.1u.tlog
g:\code\jx002\x64\debug\jx002.tlog\rc.command.1.tlog
g:\code\jx002\x64\debug\jx002.tlog\rc.read.1.tlog
g:\code\jx002\x64\debug\jx002.tlog\rc.write.1.tlog
g:\code\jx002\x64\debug\jx002.tlog\rcc.read.1u.tlog
g:\code\jx002\x64\debug\jx002.tlog\rcc.write.1u.tlog
g:\code\jx002\x64\debug\jx002.tlog\uic.read.1u.tlog
g:\code\jx002\x64\debug\jx002.tlog\uic.write.1u.tlog
